<?xml version="1.0" encoding="UTF-8"?>
<testsuite name="org.example.TagCounterTest" tests="4" skipped="0" failures="0" errors="0" timestamp="2024-11-07T17:49:15" hostname="DESKTOP-JE9AOPD" time="0.917">
  <properties/>
  <testcase name="testPrintTagsSortedByAlphabet()" classname="org.example.TagCounterTest" time="0.031"/>
  <testcase name="testPrintTagsSortedByFrequency()" classname="org.example.TagCounterTest" time="0.003"/>
  <testcase name="testCountTagsWithEmptyUrl()" classname="org.example.TagCounterTest" time="0.177"/>
  <testcase name="testCountTags()" classname="org.example.TagCounterTest" time="0.701"/>
  <system-out><![CDATA[<body>: 5
<head>: 2
<html>: 3
<head>: 2
<html>: 3
<body>: 5
]]></system-out>
  <system-err><![CDATA[Error processing URL: www.nonexistentwebsite.com
]]></system-err>
</testsuite>
