<?xml version="1.0" encoding="UTF-8"?>
<testsuite name="org.example.SumOfArrayElemTest" tests="6" skipped="0" failures="0" errors="0" timestamp="2024-11-16T19:33:04" hostname="DESKTOP-JE9AOPD" time="0.056">
  <properties/>
  <testcase name="testLargeValues()" classname="org.example.SumOfArrayElemTest" time="0.033"/>
  <testcase name="testEmptyArray()" classname="org.example.SumOfArrayElemTest" time="0.002"/>
  <testcase name="testIdenticalElements()" classname="org.example.SumOfArrayElemTest" time="0.002"/>
  <testcase name="testSmallArray()" classname="org.example.SumOfArrayElemTest" time="0.002"/>
  <testcase name="testNegativeValues()" classname="org.example.SumOfArrayElemTest" time="0.002"/>
  <testcase name="testLargeArray()" classname="org.example.SumOfArrayElemTest" time="0.002"/>
  <system-out><![CDATA[]]></system-out>
  <system-err><![CDATA[]]></system-err>
</testsuite>
